2026-02-24 16:19:36,899 - INFO - Bot started | Trading: OFF
2026-02-24 16:19:36,899 - INFO - Screener background loop started
2026-02-24 16:19:36,901 - INFO - History worker started
2026-02-24 16:19:36,902 - WARNING - Werkzeug appears to be used in a production deployment. Consider switching to a production web server instead.
 * Serving Flask app 'app'
 * Debug mode: off
2026-02-24 16:19:36,907 - INFO - [31m[1mWARNING: This is a development server. Do not use it in a production deployment. Use a production WSGI server instead.[0m
 * Running on all addresses (0.0.0.0)
 * Running on http://127.0.0.1:3000
 * Running on http://192.168.0.2:3000
2026-02-24 16:19:36,907 - INFO - [33mPress CTRL+C to quit[0m
2026-02-24 16:36:29,668 - ERROR - Error in Strategy 5 analysis for R_100: no close frame received or sent
2026-02-24 16:56:48,164 - ERROR - Error in Strategy 5 analysis for R_100: no close frame received or sent
2026-02-25 12:43:32,380 - ERROR - Error in Strategy 5 analysis for R_100: no close frame received or sent
2026-02-25 12:44:23,383 - ERROR - Error in Strategy 5 analysis for R_100:
2026-02-25 12:44:34,373 - ERROR - Error in Strategy 5 analysis for R_100:
2026-02-25 12:44:45,377 - ERROR - Error in Strategy 5 analysis for R_100:
2026-02-25 12:45:03,412 - ERROR - Error in Strategy 5 analysis for R_100:
2026-02-25 12:45:14,388 - ERROR - Error in Strategy 5 analysis for R_100:
2026-02-25 12:45:25,403 - ERROR - Error in Strategy 5 analysis for R_100:
2026-02-25 12:45:33,430 - ERROR - Error in Strategy 5 analysis for R_100: no close frame received or sent
2026-02-25 12:45:33,432 - ERROR - Error in Strategy 5 analysis for R_100: no close frame received or sent
2026-02-25 12:45:33,434 - ERROR - Error in Strategy 5 analysis for R_100: no close frame received or sent
2026-02-25 12:45:34,396 - ERROR - Error in Strategy 5 analysis for R_100: no close frame received or sent
2026-02-25 12:45:35,408 - ERROR - Error in Strategy 5 analysis for R_100: no close frame received or sent
