2026-02-25 22:49:58,349 - INFO - Bot started | Trading: OFF
2026-02-25 22:49:58,349 - INFO - Screener background loop started
2026-02-25 22:49:58,350 - INFO - Analyzing Strategy 6 for R_100
2026-02-25 22:49:58,353 - INFO - History worker started
2026-02-25 22:49:58,354 - WARNING - Werkzeug appears to be used in a production deployment. Consider switching to a production web server instead.
 * Serving Flask app 'app'
 * Debug mode: off
2026-02-25 22:49:58,357 - INFO - [31m[1mWARNING: This is a development server. Do not use it in a production deployment. Use a production WSGI server instead.[0m
 * Running on all addresses (0.0.0.0)
 * Running on http://127.0.0.1:3000
 * Running on http://192.168.0.2:3000
2026-02-25 22:49:58,357 - INFO - [33mPress CTRL+C to quit[0m
2026-02-25 22:49:59,101 - INFO - Strategy 6 update emitted for R_100: Conf=84.0%
2026-02-25 22:50:09,352 - INFO - Analyzing Strategy 6 for R_100
2026-02-25 22:50:09,458 - INFO - Strategy 6 update emitted for R_100: Conf=84.0%
2026-02-25 22:50:20,353 - INFO - Analyzing Strategy 6 for R_100
2026-02-25 22:50:20,432 - INFO - Strategy 6 update emitted for R_100: Conf=84.0%
2026-02-25 22:50:31,353 - INFO - Analyzing Strategy 6 for R_100
2026-02-25 22:50:31,644 - INFO - Strategy 6 update emitted for R_100: Conf=82.4%
2026-02-25 22:50:42,354 - INFO - Analyzing Strategy 6 for R_100
2026-02-25 22:50:42,419 - INFO - Strategy 6 update emitted for R_100: Conf=82.4%
2026-02-25 22:50:53,354 - INFO - Analyzing Strategy 6 for R_100
2026-02-25 22:50:53,419 - INFO - Strategy 6 update emitted for R_100: Conf=82.4%
2026-02-25 22:51:04,355 - INFO - Analyzing Strategy 6 for R_100
2026-02-25 22:51:04,637 - INFO - Strategy 6 update emitted for R_100: Conf=84.2%
2026-02-25 22:51:15,355 - INFO - Analyzing Strategy 6 for R_100
2026-02-25 22:51:15,420 - INFO - Strategy 6 update emitted for R_100: Conf=84.2%
2026-02-25 22:51:26,356 - INFO - Analyzing Strategy 6 for R_100
2026-02-25 22:51:26,499 - INFO - Strategy 6 update emitted for R_100: Conf=84.2%
2026-02-25 22:51:37,357 - INFO - Analyzing Strategy 6 for R_100
2026-02-25 22:51:37,626 - INFO - Strategy 6 update emitted for R_100: Conf=86.4%
2026-02-25 22:51:48,357 - INFO - Analyzing Strategy 6 for R_100
2026-02-25 22:51:48,422 - INFO - Strategy 6 update emitted for R_100: Conf=86.4%
2026-02-25 22:51:59,358 - INFO - Analyzing Strategy 6 for R_100
2026-02-25 22:51:59,422 - INFO - Strategy 6 update emitted for R_100: Conf=86.4%
2026-02-25 22:52:10,358 - INFO - Analyzing Strategy 6 for R_100
2026-02-25 22:52:10,630 - INFO - Strategy 6 update emitted for R_100: Conf=83.4%
2026-02-25 22:52:21,359 - INFO - Analyzing Strategy 6 for R_100
2026-02-25 22:52:21,422 - INFO - Strategy 6 update emitted for R_100: Conf=83.4%
2026-02-25 22:52:32,359 - INFO - Analyzing Strategy 6 for R_100
2026-02-25 22:52:32,424 - INFO - Strategy 6 update emitted for R_100: Conf=83.4%
2026-02-25 22:52:43,360 - INFO - Analyzing Strategy 6 for R_100
2026-02-25 22:52:43,659 - INFO - Strategy 6 update emitted for R_100: Conf=80.0%
2026-02-25 22:52:54,361 - INFO - Analyzing Strategy 6 for R_100
2026-02-25 22:52:54,430 - INFO - Strategy 6 update emitted for R_100: Conf=80.0%
